asyncio - DEBUG - Using selector: KqueueSelector
root - INFO - A new Spotify client is created.
root - INFO - Retrieving token
urllib3.connectionpool - DEBUG - Starting new HTTPS connection (1): accounts.spotify.com:443
urllib3.connectionpool - DEBUG - https://accounts.spotify.com:443 "POST /api/token?grant_type=client_credentials HTTP/1.1" 200 None
root - INFO - A new Spotify client is created.
root - INFO - Retrieving token
urllib3.connectionpool - DEBUG - Starting new HTTPS connection (1): accounts.spotify.com:443
urllib3.connectionpool - DEBUG - https://accounts.spotify.com:443 "POST /api/token?grant_type=client_credentials HTTP/1.1" 200 None
root - INFO - A new Spotify client is created.
root - INFO - Retrieving token
urllib3.connectionpool - DEBUG - Starting new HTTPS connection (1): accounts.spotify.com:443
urllib3.connectionpool - DEBUG - https://accounts.spotify.com:443 "POST /api/token?grant_type=client_credentials HTTP/1.1" 200 None
root - INFO - A new Spotify client is created.
root - INFO - Retrieving token
urllib3.connectionpool - DEBUG - Starting new HTTPS connection (1): accounts.spotify.com:443
urllib3.connectionpool - DEBUG - https://accounts.spotify.com:443 "POST /api/token?grant_type=client_credentials HTTP/1.1" 200 None
root - INFO - A new Spotify client is created.
root - INFO - Retrieving token
urllib3.connectionpool - DEBUG - Starting new HTTPS connection (1): accounts.spotify.com:443
urllib3.connectionpool - DEBUG - https://accounts.spotify.com:443 "POST /api/token?grant_type=client_credentials HTTP/1.1" 200 None
root - INFO - Track: 1i6N76fftMZhijOzFQ5ZtL. Link: https://api.spotify.com/v1/tracks/1i6N76fftMZhijOzFQ5ZtL
root - INFO - Track: 6aBUnkXuCEQQHAlTokv9or. Link: https://api.spotify.com/v1/tracks/6aBUnkXuCEQQHAlTokv9or
root - INFO - Track: 1Tr4K5MU5XYE44umXGDndd. Link: https://api.spotify.com/v1/tracks/1Tr4K5MU5XYE44umXGDndd
root - INFO - Track: 7dSCxR4LqkmxoBrq9MzVSD. Link: https://api.spotify.com/v1/tracks/7dSCxR4LqkmxoBrq9MzVSD
root - INFO - Track: 38Ngied9rBORlAbLYNCl4k. Link: https://api.spotify.com/v1/tracks/38Ngied9rBORlAbLYNCl4k
root - INFO - Track: 2VNfJpwdEQBLyXajaa6LWT. Link: https://api.spotify.com/v1/tracks/2VNfJpwdEQBLyXajaa6LWT
root - INFO - Track: 5gS8whHdcpbkdz0qonQZF8. Link: https://api.spotify.com/v1/tracks/5gS8whHdcpbkdz0qonQZF8
root - INFO - Track: 5JwK7v6XhG0YgqDuCgzOy8. Link: https://api.spotify.com/v1/tracks/5JwK7v6XhG0YgqDuCgzOy8
root - INFO - Track: 1auuYcOrua5hrsGCS7idun. Link: https://api.spotify.com/v1/tracks/1auuYcOrua5hrsGCS7idun
root - INFO - Track: 7CqleiaEqHVazV19P532X9. Link: https://api.spotify.com/v1/tracks/7CqleiaEqHVazV19P532X9
root - INFO - Track: 5DAW2q6DYyfNe4npGYKaHt. Link: https://api.spotify.com/v1/tracks/5DAW2q6DYyfNe4npGYKaHt
root - INFO - Track: 3yO1OjqT59JyjHaQZcCYDX. Link: https://api.spotify.com/v1/tracks/3yO1OjqT59JyjHaQZcCYDX
root - INFO - Track: 1oV1tu8utgHQjLJsEK9sVl. Link: https://api.spotify.com/v1/tracks/1oV1tu8utgHQjLJsEK9sVl
root - INFO - Track: 7heBAWblTLFg7BbyRfHUAH. Link: https://api.spotify.com/v1/tracks/7heBAWblTLFg7BbyRfHUAH
root - INFO - Track: 7rurqfPGIwwPtEmIYmQ9QQ. Link: https://api.spotify.com/v1/tracks/7rurqfPGIwwPtEmIYmQ9QQ
root - INFO - Track: 2t8GBp5kQEXVamVq4Odwe2. Link: https://api.spotify.com/v1/tracks/2t8GBp5kQEXVamVq4Odwe2
root - INFO - Track: 5cE2nMYDgYj9gqG4KLafKy. Link: https://api.spotify.com/v1/tracks/5cE2nMYDgYj9gqG4KLafKy
root - INFO - Track: 7veDNtXlh2n0noGdD0oqBB. Link: https://api.spotify.com/v1/tracks/7veDNtXlh2n0noGdD0oqBB
root - INFO - Track: 1w3IeWPxVHuw0gyXcGV2pN. Link: https://api.spotify.com/v1/tracks/1w3IeWPxVHuw0gyXcGV2pN
root - INFO - Track: 6VyR9z26oKw6BvlwSjqvoY. Link: https://api.spotify.com/v1/tracks/6VyR9z26oKw6BvlwSjqvoY
root - INFO - Track: 6pU82AsqA4MbvXbAseqXTa. Link: https://api.spotify.com/v1/tracks/6pU82AsqA4MbvXbAseqXTa
root - INFO - Track: 47QX0b8RYTJNXyHT8WSV5Y. Link: https://api.spotify.com/v1/tracks/47QX0b8RYTJNXyHT8WSV5Y
root - INFO - Track: 5d6ZRqgbz26Sg4bk1oifQw. Link: https://api.spotify.com/v1/tracks/5d6ZRqgbz26Sg4bk1oifQw
root - INFO - Track: 3qz0e03PIaalwcCGwaJHMs. Link: https://api.spotify.com/v1/tracks/3qz0e03PIaalwcCGwaJHMs
root - INFO - Track: 1Cp3Cv1oEqWebCs3YdjGe2. Link: https://api.spotify.com/v1/tracks/1Cp3Cv1oEqWebCs3YdjGe2
root - INFO - Track: 75MzeS5tyJDX7a5ZytcqS8. Link: https://api.spotify.com/v1/tracks/75MzeS5tyJDX7a5ZytcqS8
root - INFO - Track: 0T0qUG5LFTSDNSLtTPXvBA. Link: https://api.spotify.com/v1/tracks/0T0qUG5LFTSDNSLtTPXvBA
root - INFO - Track: 0wNnwLgq5N9lWYib8eUnu6. Link: https://api.spotify.com/v1/tracks/0wNnwLgq5N9lWYib8eUnu6
root - INFO - Track: 02kQ7OGoUqFnEZaWTtVdbG. Link: https://api.spotify.com/v1/tracks/02kQ7OGoUqFnEZaWTtVdbG
root - INFO - Track: 6cXxTo92t1WZbqJeyQGi54. Link: https://api.spotify.com/v1/tracks/6cXxTo92t1WZbqJeyQGi54
root - INFO - Track: 0unAl7To2LB54WHpwinPQz. Link: https://api.spotify.com/v1/tracks/0unAl7To2LB54WHpwinPQz
root - INFO - Track: 32q7HHkDDaAVQDf1y0VB4p. Link: https://api.spotify.com/v1/tracks/32q7HHkDDaAVQDf1y0VB4p
root - INFO - Track: 4nVOqeA98ZOk7vteS1VJhr. Link: https://api.spotify.com/v1/tracks/4nVOqeA98ZOk7vteS1VJhr
root - INFO - Track: 3C1b5EFCrs5G18iiMYNaLv. Link: https://api.spotify.com/v1/tracks/3C1b5EFCrs5G18iiMYNaLv
root - INFO - Track: 6Xs8va9c9ZgR2cLKSlo466. Link: https://api.spotify.com/v1/tracks/6Xs8va9c9ZgR2cLKSlo466
root - INFO - Track: 6UtbVV8qRPwDibzHlSvjvF. Link: https://api.spotify.com/v1/tracks/6UtbVV8qRPwDibzHlSvjvF
root - INFO - Track: 0QCeIQH7f19JsaSW0AQ9vF. Link: https://api.spotify.com/v1/tracks/0QCeIQH7f19JsaSW0AQ9vF
root - INFO - Track: 0WX2E105LedqAkjzj5fe2r. Link: https://api.spotify.com/v1/tracks/0WX2E105LedqAkjzj5fe2r
root - INFO - Track: 3bWRiOLzBWBsy1AOpmdd3W. Link: https://api.spotify.com/v1/tracks/3bWRiOLzBWBsy1AOpmdd3W
root - INFO - Track: 2BJtt5HqkcG4OLcbLjl7GB. Link: https://api.spotify.com/v1/tracks/2BJtt5HqkcG4OLcbLjl7GB
root - INFO - Track: 0MHXrqn909p0LRTPsNsGEi. Link: https://api.spotify.com/v1/tracks/0MHXrqn909p0LRTPsNsGEi
root - INFO - Track: 1Mq4vRRox3bcruJA75M4D9. Link: https://api.spotify.com/v1/tracks/1Mq4vRRox3bcruJA75M4D9
root - INFO - Track: 7zrPswSV1yxrill5OyCuaU. Link: https://api.spotify.com/v1/tracks/7zrPswSV1yxrill5OyCuaU
root - INFO - Track: 4XsH9zBWPOCdXoH9ZDdS8r. Link: https://api.spotify.com/v1/tracks/4XsH9zBWPOCdXoH9ZDdS8r
root - INFO - Track: 01gDLZsi0j5fWC28FLPNO8. Link: https://api.spotify.com/v1/tracks/01gDLZsi0j5fWC28FLPNO8
root - INFO - Track: 2ouFIPC3O1HNBcVTw1d9AN. Link: https://api.spotify.com/v1/tracks/2ouFIPC3O1HNBcVTw1d9AN
root - INFO - Track: 7gmB6hVMsv0XbjfiTgpATI. Link: https://api.spotify.com/v1/tracks/7gmB6hVMsv0XbjfiTgpATI
root - INFO - Track: 42RQ7y3irkGGTwc4QUVhH9. Link: https://api.spotify.com/v1/tracks/42RQ7y3irkGGTwc4QUVhH9
root - INFO - Track: 72aE17MO1hgAziGJa6bQQe. Link: https://api.spotify.com/v1/tracks/72aE17MO1hgAziGJa6bQQe
root - INFO - Track: 3luduyy8gwkqMunb82OJZx. Link: https://api.spotify.com/v1/tracks/3luduyy8gwkqMunb82OJZx
root - INFO - Track: 40jEm1EOTMWvjuoDnGUWDN. Link: https://api.spotify.com/v1/tracks/40jEm1EOTMWvjuoDnGUWDN
root - INFO - Track: 5wdlG60d0WHoo8P3QzrlbG. Link: https://api.spotify.com/v1/tracks/5wdlG60d0WHoo8P3QzrlbG
root - INFO - Track: 7J8F8mHNV79WSV3N2lVwHH. Link: https://api.spotify.com/v1/tracks/7J8F8mHNV79WSV3N2lVwHH
root - INFO - Track: 0zBNc7XcWXNHxeszwFsKiL. Link: https://api.spotify.com/v1/tracks/0zBNc7XcWXNHxeszwFsKiL
root - INFO - Track: 4pbZcKtuu2GuX5hbrxkSUc. Link: https://api.spotify.com/v1/tracks/4pbZcKtuu2GuX5hbrxkSUc
root - INFO - Track: 0mys3NInPO6UDNNrWGt7of. Link: https://api.spotify.com/v1/tracks/0mys3NInPO6UDNNrWGt7of
root - INFO - Track: 2d0pTlYw1nEPQnE3gX2R8X. Link: https://api.spotify.com/v1/tracks/2d0pTlYw1nEPQnE3gX2R8X
root - INFO - Track: 6HvbwjZsvMX3Bbf9mcnjFo. Link: https://api.spotify.com/v1/tracks/6HvbwjZsvMX3Bbf9mcnjFo
root - INFO - Track: 1AcKboMkn1HekyJSlKKEc3. Link: https://api.spotify.com/v1/tracks/1AcKboMkn1HekyJSlKKEc3
root - INFO - Track: 75txMkFjrPghmsP0mt9QaU. Link: https://api.spotify.com/v1/tracks/75txMkFjrPghmsP0mt9QaU
root - INFO - Track: 1xWH8zYtDeS9mW1JJG23VZ. Link: https://api.spotify.com/v1/tracks/1xWH8zYtDeS9mW1JJG23VZ
root - INFO - Track: 4jLv3tDBu8ww2R07DvL12s. Link: https://api.spotify.com/v1/tracks/4jLv3tDBu8ww2R07DvL12s
root - INFO - Track: 31AOj9sFz2gM0O3hMARRBx. Link: https://api.spotify.com/v1/tracks/31AOj9sFz2gM0O3hMARRBx
root - INFO - Track: 2fdfsGuqb6SBX5ocoBWHUd. Link: https://api.spotify.com/v1/tracks/2fdfsGuqb6SBX5ocoBWHUd
root - INFO - Track: 3geRffSf6eAruhg23RkpKV. Link: https://api.spotify.com/v1/tracks/3geRffSf6eAruhg23RkpKV
root - INFO - Track: 2oSpQ7QtIKTNFfA08Cy0ku. Link: https://api.spotify.com/v1/tracks/2oSpQ7QtIKTNFfA08Cy0ku
root - INFO - Track: 7sNhXWrg9eW3qRqeuePaIC. Link: https://api.spotify.com/v1/tracks/7sNhXWrg9eW3qRqeuePaIC
root - INFO - Track: 7707eDBpR4qtNFoQ6nQyeR. Link: https://api.spotify.com/v1/tracks/7707eDBpR4qtNFoQ6nQyeR
root - INFO - Track: 1v2zyAJrChw5JnfafSkwkJ. Link: https://api.spotify.com/v1/tracks/1v2zyAJrChw5JnfafSkwkJ
root - INFO - Track: 22UhQSbYimuCnvI0Y07gFX. Link: https://api.spotify.com/v1/tracks/22UhQSbYimuCnvI0Y07gFX
root - INFO - Track: 6PypGyiu0Y2lCDBN1XZEnP. Link: https://api.spotify.com/v1/tracks/6PypGyiu0Y2lCDBN1XZEnP
root - INFO - Track: 7ywlnXV5O0h8T5pCRUN1f5. Link: https://api.spotify.com/v1/tracks/7ywlnXV5O0h8T5pCRUN1f5
root - INFO - Track: 0svaiEE8lMG6Q3PjMWdxLq. Link: https://api.spotify.com/v1/tracks/0svaiEE8lMG6Q3PjMWdxLq
root - INFO - Track: 2ElyyOi86SHyMKcUrv2f8e. Link: https://api.spotify.com/v1/tracks/2ElyyOi86SHyMKcUrv2f8e
root - INFO - Track: 7od102KY2OZsQ8USYiHjnE. Link: https://api.spotify.com/v1/tracks/7od102KY2OZsQ8USYiHjnE
root - INFO - Track: 7iqds11TrI0RS6p3ALk004. Link: https://api.spotify.com/v1/tracks/7iqds11TrI0RS6p3ALk004
root - INFO - Track: 32kmXl5F8I3XDVKNfwwM4J. Link: https://api.spotify.com/v1/tracks/32kmXl5F8I3XDVKNfwwM4J
root - INFO - Track: 6prMUtwaDCxochuZ2baVbT. Link: https://api.spotify.com/v1/tracks/6prMUtwaDCxochuZ2baVbT
root - INFO - Track: 6FBlNlVx0xrXPb9suicaMM. Link: https://api.spotify.com/v1/tracks/6FBlNlVx0xrXPb9suicaMM
root - INFO - Track: 79Yk6AlSKi5dxDFINID2hS. Link: https://api.spotify.com/v1/tracks/79Yk6AlSKi5dxDFINID2hS
root - INFO - Track: 6G0NzOx2jEPFsSmhr9N8Ys. Link: https://api.spotify.com/v1/tracks/6G0NzOx2jEPFsSmhr9N8Ys
root - INFO - Track: 69RH84na5iUNwrwxpgjC5j. Link: https://api.spotify.com/v1/tracks/69RH84na5iUNwrwxpgjC5j
root - INFO - Track: 3Rhxe6P1im82NFVkt9X2qZ. Link: https://api.spotify.com/v1/tracks/3Rhxe6P1im82NFVkt9X2qZ
root - INFO - Track: 4yChgYDVcQrAgIEIErW27b. Link: https://api.spotify.com/v1/tracks/4yChgYDVcQrAgIEIErW27b
root - INFO - Track: 6b6IMqP565TbtFFZg9iFf3. Link: https://api.spotify.com/v1/tracks/6b6IMqP565TbtFFZg9iFf3
root - INFO - Track: 69EILuL34ggLWQsa626bes. Link: https://api.spotify.com/v1/tracks/69EILuL34ggLWQsa626bes
root - INFO - Track: 3pbtBomO4Zt5gGiqsYeiBH. Link: https://api.spotify.com/v1/tracks/3pbtBomO4Zt5gGiqsYeiBH
root - INFO - Track: 4nop5UmWUqnlxkQ4kvG3Rp. Link: https://api.spotify.com/v1/tracks/4nop5UmWUqnlxkQ4kvG3Rp
root - INFO - Track: 1UJWs9gXh34F1lV4RFg5rO. Link: https://api.spotify.com/v1/tracks/1UJWs9gXh34F1lV4RFg5rO
root - INFO - Track: 1JguzruTnY4PrbWu7BKD38. Link: https://api.spotify.com/v1/tracks/1JguzruTnY4PrbWu7BKD38
root - INFO - Track: 1KbuhBnzMHp4eq1q6flhWd. Link: https://api.spotify.com/v1/tracks/1KbuhBnzMHp4eq1q6flhWd
root - INFO - Track: 4OS8sQZgai4XAJv91EjWgL. Link: https://api.spotify.com/v1/tracks/4OS8sQZgai4XAJv91EjWgL
root - INFO - Track: 7oX8MJu78ZCGAC8lADvIWf. Link: https://api.spotify.com/v1/tracks/7oX8MJu78ZCGAC8lADvIWf
root - INFO - Track: 6kAS4yj3wHJXcLp93vr5aG. Link: https://api.spotify.com/v1/tracks/6kAS4yj3wHJXcLp93vr5aG
root - INFO - Track: 5pGfZLAljV8ZMXrGNMAbFg. Link: https://api.spotify.com/v1/tracks/5pGfZLAljV8ZMXrGNMAbFg
root - INFO - Track: 15WLFtkW9WgirercvrCmSW. Link: https://api.spotify.com/v1/tracks/15WLFtkW9WgirercvrCmSW
root - INFO - Track: 61TRrYfz8GXUqvKXs5e5tY. Link: https://api.spotify.com/v1/tracks/61TRrYfz8GXUqvKXs5e5tY
root - INFO - Track: 3LQTDJfB7YLTj8qEecNNkq. Link: https://api.spotify.com/v1/tracks/3LQTDJfB7YLTj8qEecNNkq
root - INFO - Track: 54dREjNJBdMBAjgNNHBStf. Link: https://api.spotify.com/v1/tracks/54dREjNJBdMBAjgNNHBStf
root - INFO - Track: 0cP6MyvBwQwYnGqNAS3lkf. Link: https://api.spotify.com/v1/tracks/0cP6MyvBwQwYnGqNAS3lkf
root - INFO - Track: 7e89621JPkKaeDSTQ3avtg. Link: https://api.spotify.com/v1/tracks/7e89621JPkKaeDSTQ3avtg
root - INFO - Track: 1ju7EsSGvRybSNEsRvc7qY. Link: https://api.spotify.com/v1/tracks/1ju7EsSGvRybSNEsRvc7qY
root - INFO - Track: 5EWPGh7jbTNO2wakv8LjUI. Link: https://api.spotify.com/v1/tracks/5EWPGh7jbTNO2wakv8LjUI
root - INFO - Track: 6PPhp1qpAjLUxQr75vSD4H. Link: https://api.spotify.com/v1/tracks/6PPhp1qpAjLUxQr75vSD4H
root - INFO - Track: 0x2wtJbtJrox3SDmnMj97x. Link: https://api.spotify.com/v1/tracks/0x2wtJbtJrox3SDmnMj97x
root - INFO - Track: 64sn7wgJfeQKY3Jisnl59w. Link: https://api.spotify.com/v1/tracks/64sn7wgJfeQKY3Jisnl59w
root - INFO - Track: 12WiGqEs3t5hrzBJTe1K0P. Link: https://api.spotify.com/v1/tracks/12WiGqEs3t5hrzBJTe1K0P
root - INFO - Track: 5rHGRbh5F1oFQ4CdpzFyhN. Link: https://api.spotify.com/v1/tracks/5rHGRbh5F1oFQ4CdpzFyhN
root - INFO - Track: 2OOcagX0sr4SQuBbHJkE5I. Link: https://api.spotify.com/v1/tracks/2OOcagX0sr4SQuBbHJkE5I
root - INFO - Track: 52DKGPMQ21DauCR19pQ0BK. Link: https://api.spotify.com/v1/tracks/52DKGPMQ21DauCR19pQ0BK
root - INFO - Track: 0uZs7p6cbEUNwGMdfNj9Kk. Link: https://api.spotify.com/v1/tracks/0uZs7p6cbEUNwGMdfNj9Kk
root - INFO - Track: 2UQWW8rhNJo5tBt77LnbZH. Link: https://api.spotify.com/v1/tracks/2UQWW8rhNJo5tBt77LnbZH
root - INFO - Track: 02UFwtmJ0ogLQWMx43Okuh. Link: https://api.spotify.com/v1/tracks/02UFwtmJ0ogLQWMx43Okuh
root - INFO - Track: 5ftkCxdoFGmkXbm5zgu0lS. Link: https://api.spotify.com/v1/tracks/5ftkCxdoFGmkXbm5zgu0lS
root - INFO - Track: 2e6qroe20tHfu8aTQSTglt. Link: https://api.spotify.com/v1/tracks/2e6qroe20tHfu8aTQSTglt
root - INFO - Track: 2vLhb34HqnPwNCKx0atimx. Link: https://api.spotify.com/v1/tracks/2vLhb34HqnPwNCKx0atimx
root - INFO - Track: 0ZQmpf5gk4k5VMopcAtyAc. Link: https://api.spotify.com/v1/tracks/0ZQmpf5gk4k5VMopcAtyAc
root - INFO - Track: 07xYMBIPw1Oan0BreDq6lr. Link: https://api.spotify.com/v1/tracks/07xYMBIPw1Oan0BreDq6lr
root - INFO - Track: 72FTNsVwlDXMgxyEnmjwM0. Link: https://api.spotify.com/v1/tracks/72FTNsVwlDXMgxyEnmjwM0
root - INFO - Track: 17jdqGUsxfqm9n2HnbWSYq. Link: https://api.spotify.com/v1/tracks/17jdqGUsxfqm9n2HnbWSYq
root - INFO - Track: 2oDqmfa2g8W893LlwJG1qu. Link: https://api.spotify.com/v1/tracks/2oDqmfa2g8W893LlwJG1qu
root - INFO - Track: 5ugzDiilhy6ILKmKfhEzd7. Link: https://api.spotify.com/v1/tracks/5ugzDiilhy6ILKmKfhEzd7
root - INFO - Track: 1lo9k4PrxFd5Np4cAxXoKo. Link: https://api.spotify.com/v1/tracks/1lo9k4PrxFd5Np4cAxXoKo
root - INFO - Track: 3ckd4YA4LcD3j50rfIVwUe. Link: https://api.spotify.com/v1/tracks/3ckd4YA4LcD3j50rfIVwUe
root - INFO - Track: 0m1DJ5Jkv3kdnGrcZsJFmC. Link: https://api.spotify.com/v1/tracks/0m1DJ5Jkv3kdnGrcZsJFmC
root - INFO - Track: 0XfNjyJcb7d2ZAscVM4K7J. Link: https://api.spotify.com/v1/tracks/0XfNjyJcb7d2ZAscVM4K7J
root - INFO - Track: 0ypg59NyOVCpWVzd0SUsT5. Link: https://api.spotify.com/v1/tracks/0ypg59NyOVCpWVzd0SUsT5
root - INFO - Track: 2jYtPnsurj7BTsGW6b3hgb. Link: https://api.spotify.com/v1/tracks/2jYtPnsurj7BTsGW6b3hgb
root - INFO - Track: 75Ds4Zq9dfMgS0BypKrQNN. Link: https://api.spotify.com/v1/tracks/75Ds4Zq9dfMgS0BypKrQNN
root - INFO - Track: 2Mv8In1IykWH5oLDc66PRC. Link: https://api.spotify.com/v1/tracks/2Mv8In1IykWH5oLDc66PRC
root - INFO - Track: 1S30kHvkkdMkcuCTGSgS41. Link: https://api.spotify.com/v1/tracks/1S30kHvkkdMkcuCTGSgS41
root - INFO - Track: 59FwEQpuagQZQVP71h9OIq. Link: https://api.spotify.com/v1/tracks/59FwEQpuagQZQVP71h9OIq
root - INFO - Track: 12s8P9IFXjJWwVnX7u26ca. Link: https://api.spotify.com/v1/tracks/12s8P9IFXjJWwVnX7u26ca
root - INFO - Track: 14tKBoKXxGakkoEmYuFfor. Link: https://api.spotify.com/v1/tracks/14tKBoKXxGakkoEmYuFfor
root - INFO - Track: 3o1nX61oecxnqXieA2ma0U. Link: https://api.spotify.com/v1/tracks/3o1nX61oecxnqXieA2ma0U
root - INFO - Track: 06UVb2bREPv8hvioVkaMvC. Link: https://api.spotify.com/v1/tracks/06UVb2bREPv8hvioVkaMvC
root - INFO - Track: 603q8qCfQVX7uRVnDpRpqb. Link: https://api.spotify.com/v1/tracks/603q8qCfQVX7uRVnDpRpqb
root - INFO - Track: 5mc6EyF1OIEOhAkD0Gg9Lc. Link: https://api.spotify.com/v1/tracks/5mc6EyF1OIEOhAkD0Gg9Lc
root - INFO - Track: 3aN2V18W3EiW7eg5tHALpF. Link: https://api.spotify.com/v1/tracks/3aN2V18W3EiW7eg5tHALpF
root - INFO - Api rate limit reached. Retry number 1
root - INFO - Track: 0hZpRFdaq34ykHEwvWbviP. Link: https://api.spotify.com/v1/tracks/0hZpRFdaq34ykHEwvWbviP
root - INFO - Track: 4fQMGlCawbTkH9yPPZ49kP. Link: https://api.spotify.com/v1/tracks/4fQMGlCawbTkH9yPPZ49kP
root - INFO - Api rate limit reached. Retry number 1
root - INFO - Api rate limit reached. Retry number 1
root - INFO - Track: 1VQafOMVQSAngQwX8qe0FS. Link: https://api.spotify.com/v1/tracks/1VQafOMVQSAngQwX8qe0FS
root - INFO - Api rate limit reached. Retry number 1
root - INFO - Api rate limit reached. Retry number 1
root - INFO - Track: 6KKcey1w86oP0qxN8frbfD. Link: https://api.spotify.com/v1/tracks/6KKcey1w86oP0qxN8frbfD
root - INFO - Track: 3XOVanRi3prWDEZQiZTlYx. Link: https://api.spotify.com/v1/tracks/3XOVanRi3prWDEZQiZTlYx
root - INFO - Track: 1XCqGflyHjZAE1BnRqWUc9. Link: https://api.spotify.com/v1/tracks/1XCqGflyHjZAE1BnRqWUc9
root - INFO - Track: 4lkwEgSppKli27thHdeRgc. Link: https://api.spotify.com/v1/tracks/4lkwEgSppKli27thHdeRgc
root - INFO - Track: 7viT9kDjq8PIx57sRCID0b. Link: https://api.spotify.com/v1/tracks/7viT9kDjq8PIx57sRCID0b
root - INFO - Track: 3Q031ckN7rwljKZhEQvvcR. Link: https://api.spotify.com/v1/tracks/3Q031ckN7rwljKZhEQvvcR
root - INFO - Track: 4QjiDW3IsWrWNynFCIRz7K. Link: https://api.spotify.com/v1/tracks/4QjiDW3IsWrWNynFCIRz7K
root - INFO - Track: 06yzME6dtXmBFO4DB5rVaT. Link: https://api.spotify.com/v1/tracks/06yzME6dtXmBFO4DB5rVaT
root - INFO - Track: 2hiyBTmktBYzvLixq5V2v4. Link: https://api.spotify.com/v1/tracks/2hiyBTmktBYzvLixq5V2v4
root - INFO - Track: 5gFlfviA4rdCIe2UPTi1yU. Link: https://api.spotify.com/v1/tracks/5gFlfviA4rdCIe2UPTi1yU
root - INFO - Track: 2wHCe9ru5uJ2qSRIHfBwbk. Link: https://api.spotify.com/v1/tracks/2wHCe9ru5uJ2qSRIHfBwbk
root - INFO - Track: 6EjWezCHHgaqxpQYhLSlP7. Link: https://api.spotify.com/v1/tracks/6EjWezCHHgaqxpQYhLSlP7
root - INFO - Track: 73U40I3EmKz8Wh6PJaihJ0. Link: https://api.spotify.com/v1/tracks/73U40I3EmKz8Wh6PJaihJ0
root - INFO - Track: 0AuM6Fku5nWZ0CM21YEzty. Link: https://api.spotify.com/v1/tracks/0AuM6Fku5nWZ0CM21YEzty
root - INFO - Track: 1HvSfBuqF7C5QfJonQpKG8. Link: https://api.spotify.com/v1/tracks/1HvSfBuqF7C5QfJonQpKG8
root - INFO - Track: 3nK79pq1gR8xYh1F63OLlY. Link: https://api.spotify.com/v1/tracks/3nK79pq1gR8xYh1F63OLlY
root - INFO - Track: 3S80BeZOHtVw59qop6i4bv. Link: https://api.spotify.com/v1/tracks/3S80BeZOHtVw59qop6i4bv
root - INFO - Track: 6g9JgnMV5bFM2D7FKfeEEl. Link: https://api.spotify.com/v1/tracks/6g9JgnMV5bFM2D7FKfeEEl
root - INFO - Track: 7snQQk1zcKl8gZ92AnueZW. Link: https://api.spotify.com/v1/tracks/7snQQk1zcKl8gZ92AnueZW
root - INFO - Track: 0G21yYKMZoHa30cYVi1iA8. Link: https://api.spotify.com/v1/tracks/0G21yYKMZoHa30cYVi1iA8
root - INFO - Track: 6eN1f9KNmiWEhpE2RhQqB5. Link: https://api.spotify.com/v1/tracks/6eN1f9KNmiWEhpE2RhQqB5
root - INFO - Track: 3YRCqOhFifThpSRFJ1VWFM. Link: https://api.spotify.com/v1/tracks/3YRCqOhFifThpSRFJ1VWFM
root - INFO - Track: 0vfPEfQk0ZCHExTZ007Ryr. Link: https://api.spotify.com/v1/tracks/0vfPEfQk0ZCHExTZ007Ryr
root - INFO - Track: 4JiEyzf0Md7KEFFGWDDdCr. Link: https://api.spotify.com/v1/tracks/4JiEyzf0Md7KEFFGWDDdCr
root - INFO - Track: 2N2yrmodOnVF10mKvItC9P. Link: https://api.spotify.com/v1/tracks/2N2yrmodOnVF10mKvItC9P
root - INFO - Track: 0rFWuqFgHAfuzE8uSB9TWR. Link: https://api.spotify.com/v1/tracks/0rFWuqFgHAfuzE8uSB9TWR
root - INFO - Track: 1OEoNpiyqBghuEUaT6Je6U. Link: https://api.spotify.com/v1/tracks/1OEoNpiyqBghuEUaT6Je6U
root - INFO - Track: 6i4Qi1mJxXjqNIL9HfJhRs. Link: https://api.spotify.com/v1/tracks/6i4Qi1mJxXjqNIL9HfJhRs
root - INFO - Track: 6MtXDDHNC16r4RpdYhufO8. Link: https://api.spotify.com/v1/tracks/6MtXDDHNC16r4RpdYhufO8
root - INFO - Track: 65G4Ib3w7tgLjUkO5GseN0. Link: https://api.spotify.com/v1/tracks/65G4Ib3w7tgLjUkO5GseN0
root - INFO - Track: 7CBFRsUz1pz1cS12soVhih. Link: https://api.spotify.com/v1/tracks/7CBFRsUz1pz1cS12soVhih
root - INFO - Track: 0dlTGl67UFWcKupzkxZYOn. Link: https://api.spotify.com/v1/tracks/0dlTGl67UFWcKupzkxZYOn
root - INFO - Track: 11VGhd5i7deLL0YB0ayicY. Link: https://api.spotify.com/v1/tracks/11VGhd5i7deLL0YB0ayicY
root - INFO - Track: 58YL9Jo1T0wyijCOZWRmyL. Link: https://api.spotify.com/v1/tracks/58YL9Jo1T0wyijCOZWRmyL
root - INFO - Track: 0LwZjpeiM0f28VpFvqOSYQ. Link: https://api.spotify.com/v1/tracks/0LwZjpeiM0f28VpFvqOSYQ
root - INFO - Track: 3q9npStSssk7sZWotiNQLK. Link: https://api.spotify.com/v1/tracks/3q9npStSssk7sZWotiNQLK
root - INFO - Track: 0xaNdYwK8ZF3cHSjraQGC0. Link: https://api.spotify.com/v1/tracks/0xaNdYwK8ZF3cHSjraQGC0
root - INFO - Track: 0O0JgOEZklUxBH6kfboYha. Link: https://api.spotify.com/v1/tracks/0O0JgOEZklUxBH6kfboYha
root - INFO - Track: 5tVA6TkbaAH9QMITTQRrNv. Link: https://api.spotify.com/v1/tracks/5tVA6TkbaAH9QMITTQRrNv
root - INFO - Track: 7gSQv1OHpkIoAdUiRLdmI6. Link: https://api.spotify.com/v1/tracks/7gSQv1OHpkIoAdUiRLdmI6
root - INFO - Track: 4mcZYzoGwPRDdhWVlygiHf. Link: https://api.spotify.com/v1/tracks/4mcZYzoGwPRDdhWVlygiHf
root - INFO - Track: 3dmqIB2Qxe2XZobw9gXxJ6. Link: https://api.spotify.com/v1/tracks/3dmqIB2Qxe2XZobw9gXxJ6
root - INFO - Track: 7MooGz4ZPE4bNxjFegR6Jx. Link: https://api.spotify.com/v1/tracks/7MooGz4ZPE4bNxjFegR6Jx
root - INFO - Track: 5yAu4njFSdM47dfsTkQPZ2. Link: https://api.spotify.com/v1/tracks/5yAu4njFSdM47dfsTkQPZ2
root - INFO - Track: 4AiMaeCXwsldpwvA5wu5gM. Link: https://api.spotify.com/v1/tracks/4AiMaeCXwsldpwvA5wu5gM
root - INFO - Track: 7MRyJPksH3G2cXHN8UKYzP. Link: https://api.spotify.com/v1/tracks/7MRyJPksH3G2cXHN8UKYzP
root - INFO - Track: 5x53pbGk6sbl1BGom19QQ5. Link: https://api.spotify.com/v1/tracks/5x53pbGk6sbl1BGom19QQ5
root - INFO - Track: 2Pr1nZpt8A8WP7QYpyq6L3. Link: https://api.spotify.com/v1/tracks/2Pr1nZpt8A8WP7QYpyq6L3
root - INFO - Track: 17S4XrLvF5jlGvGCJHgF51. Link: https://api.spotify.com/v1/tracks/17S4XrLvF5jlGvGCJHgF51
root - INFO - Track: 5eMZ3EPIMGoWlrrVhxatdv. Link: https://api.spotify.com/v1/tracks/5eMZ3EPIMGoWlrrVhxatdv
root - INFO - Track: 66LhCsc06aTa2Ig7iYPDSP. Link: https://api.spotify.com/v1/tracks/66LhCsc06aTa2Ig7iYPDSP
root - INFO - Track: 3BSoskNONnjn05yRO2tYFX. Link: https://api.spotify.com/v1/tracks/3BSoskNONnjn05yRO2tYFX
root - INFO - Track: 5AzpZ5ADn1AFPxcEBd2Ugf. Link: https://api.spotify.com/v1/tracks/5AzpZ5ADn1AFPxcEBd2Ugf
root - INFO - Track: 1c0flvMImhKMuiZIc0VzEb. Link: https://api.spotify.com/v1/tracks/1c0flvMImhKMuiZIc0VzEb
root - INFO - Track: 0YkbYk24ODhuewb79zZZzM. Link: https://api.spotify.com/v1/tracks/0YkbYk24ODhuewb79zZZzM
root - INFO - Track: 2ZS3jFe6p8UoVyrY5jWBlF. Link: https://api.spotify.com/v1/tracks/2ZS3jFe6p8UoVyrY5jWBlF
root - INFO - Track: 4vvcGtmN9xgYa96teLUgFS. Link: https://api.spotify.com/v1/tracks/4vvcGtmN9xgYa96teLUgFS
root - INFO - Track: 3DKWF8is9hzp84aSxnhlag. Link: https://api.spotify.com/v1/tracks/3DKWF8is9hzp84aSxnhlag
root - INFO - Track: 4ZA0EXmjnZIYguEMf0Mc88. Link: https://api.spotify.com/v1/tracks/4ZA0EXmjnZIYguEMf0Mc88
root - INFO - Track: 3XKIUb7HzIF1Vu9usunMzc. Link: https://api.spotify.com/v1/tracks/3XKIUb7HzIF1Vu9usunMzc
root - INFO - Track: 0n2SEXB2qoRQg171q7XqeW. Link: https://api.spotify.com/v1/tracks/0n2SEXB2qoRQg171q7XqeW
root - INFO - Track: 4YMQXzscifAREG0a7KNGhB. Link: https://api.spotify.com/v1/tracks/4YMQXzscifAREG0a7KNGhB
root - INFO - Track: 7x6hO9VMAee9x1iWaeNkL6. Link: https://api.spotify.com/v1/tracks/7x6hO9VMAee9x1iWaeNkL6
root - INFO - Track: 3uRaD26t3RkJ8n549udQ83. Link: https://api.spotify.com/v1/tracks/3uRaD26t3RkJ8n549udQ83
root - INFO - Track: 35fC3Wq3slX4OBfyvBVmHm. Link: https://api.spotify.com/v1/tracks/35fC3Wq3slX4OBfyvBVmHm
root - INFO - Track: 0BycZFHYvkOVA4Loj4MRjr. Link: https://api.spotify.com/v1/tracks/0BycZFHYvkOVA4Loj4MRjr
root - INFO - Track: 2pX4FpOgwItRVPPUFdRcxA. Link: https://api.spotify.com/v1/tracks/2pX4FpOgwItRVPPUFdRcxA
root - INFO - Track: 5u6y4u5EgDv0peILf60H5t. Link: https://api.spotify.com/v1/tracks/5u6y4u5EgDv0peILf60H5t
root - INFO - Track: 5tmrnhMxx39jnu3kjopMdP. Link: https://api.spotify.com/v1/tracks/5tmrnhMxx39jnu3kjopMdP
root - INFO - Track: 567UAkWoLBqZ709s3Qcbze. Link: https://api.spotify.com/v1/tracks/567UAkWoLBqZ709s3Qcbze
root - INFO - Track: 1b6WD3lzZol9kWvdtn5uvD. Link: https://api.spotify.com/v1/tracks/1b6WD3lzZol9kWvdtn5uvD
root - INFO - Track: 5dMXqZfyUOB1XlAYBivRQd. Link: https://api.spotify.com/v1/tracks/5dMXqZfyUOB1XlAYBivRQd
root - INFO - Track: 2WoqgtWEBbbBKMDN6Becs7. Link: https://api.spotify.com/v1/tracks/2WoqgtWEBbbBKMDN6Becs7
root - INFO - Track: 6VdGDiy7V3j9LqfC5E1Uvi. Link: https://api.spotify.com/v1/tracks/6VdGDiy7V3j9LqfC5E1Uvi
root - INFO - Track: 41IShViF79gmulEkIHAjcb. Link: https://api.spotify.com/v1/tracks/41IShViF79gmulEkIHAjcb
root - INFO - Track: 3VuNkFh3B4lkMBX75h2pPi. Link: https://api.spotify.com/v1/tracks/3VuNkFh3B4lkMBX75h2pPi
root - INFO - Track: 4nmne9J3YCEdhvjTzwiAgu. Link: https://api.spotify.com/v1/tracks/4nmne9J3YCEdhvjTzwiAgu
root - INFO - Track: 59uqWPaagd0khPaauWM2lU. Link: https://api.spotify.com/v1/tracks/59uqWPaagd0khPaauWM2lU
root - INFO - Track: 6o21UfW2RHkzzleZGLfFpK. Link: https://api.spotify.com/v1/tracks/6o21UfW2RHkzzleZGLfFpK
root - INFO - Track: 0AiuEo7FCxP2y2WTOpLPe5. Link: https://api.spotify.com/v1/tracks/0AiuEo7FCxP2y2WTOpLPe5
root - INFO - Track: 2pcNZP2B5Ps870j0bketl0. Link: https://api.spotify.com/v1/tracks/2pcNZP2B5Ps870j0bketl0
root - INFO - Track: 3HlbrnCBdrJ1NObHLMXSZh. Link: https://api.spotify.com/v1/tracks/3HlbrnCBdrJ1NObHLMXSZh
root - INFO - Track: 07KYQySlrmE94gaLbhvp4X. Link: https://api.spotify.com/v1/tracks/07KYQySlrmE94gaLbhvp4X
root - INFO - Track: 0o2kYSSmcavLl9O9oez0qF. Link: https://api.spotify.com/v1/tracks/0o2kYSSmcavLl9O9oez0qF
root - INFO - Track: 4OjqrdD3QILzxkGwNoMk0c. Link: https://api.spotify.com/v1/tracks/4OjqrdD3QILzxkGwNoMk0c
root - INFO - Track: 5bC4y9Zhn6ng0MOzACCHkc. Link: https://api.spotify.com/v1/tracks/5bC4y9Zhn6ng0MOzACCHkc
root - INFO - Track: 2Bi0JWdxDMaKPanNofJSdL. Link: https://api.spotify.com/v1/tracks/2Bi0JWdxDMaKPanNofJSdL
root - INFO - Track: 48fcwp3ZkLYlhk8xUL7Rib. Link: https://api.spotify.com/v1/tracks/48fcwp3ZkLYlhk8xUL7Rib
root - INFO - Track: 4wUEyxnu0u0r5Ht2zLI79b. Link: https://api.spotify.com/v1/tracks/4wUEyxnu0u0r5Ht2zLI79b
root - INFO - Track: 2Ajtl0ro60h3VN3rD3Y1IF. Link: https://api.spotify.com/v1/tracks/2Ajtl0ro60h3VN3rD3Y1IF
root - INFO - Track: 1v96RybZESo59gXCI0i96s. Link: https://api.spotify.com/v1/tracks/1v96RybZESo59gXCI0i96s
root - INFO - Track: 6pW2lKORQaIC6JR4qBNG9e. Link: https://api.spotify.com/v1/tracks/6pW2lKORQaIC6JR4qBNG9e
root - INFO - Track: 2L5Bx3LhFMr078xAVfATny. Link: https://api.spotify.com/v1/tracks/2L5Bx3LhFMr078xAVfATny
root - INFO - Api rate limit reached. Retry number 1
root - INFO - Track: 4AgTyC3Sk2VEDjPPYtY3Q2. Link: https://api.spotify.com/v1/tracks/4AgTyC3Sk2VEDjPPYtY3Q2
root - INFO - Track: 0hIuZ0A7mlWQvSAoqYBbRn. Link: https://api.spotify.com/v1/tracks/0hIuZ0A7mlWQvSAoqYBbRn
root - INFO - Api rate limit reached. Retry number 1
root - INFO - Api rate limit reached. Retry number 1
root - INFO - Api rate limit reached. Retry number 1
root - INFO - Api rate limit reached. Retry number 1
root - INFO - Track: 7GsshbbtIlBFU5SKNDED5s. Link: https://api.spotify.com/v1/tracks/7GsshbbtIlBFU5SKNDED5s
root - INFO - Api rate limit reached. Retry number 2
root - INFO - Track: 2igwFfvr1OAGX9SKDCPBwO. Link: https://api.spotify.com/v1/tracks/2igwFfvr1OAGX9SKDCPBwO
root - INFO - Api rate limit reached. Retry number 2
root - INFO - Api rate limit reached. Retry number 2
root - INFO - Api rate limit reached. Retry number 2
root - INFO - Api rate limit reached. Retry number 1
